<?xml version="1.0" encoding="UTF-8"?>
<!-- Generated by org.testng.reporters.JUnitReportReporter -->
<testsuite hostname="NavneetPersonal" failures="0" tests="3" name="TestCases.LoginPageTest" time="44.374" errors="0" timestamp="2023-02-19T11:35:31 IST" skipped="0">
  <testcase classname="TestCases.LoginPageTest" name="loginPageTitleTest" time="11.546"/>
  <system-out/>
  <testcase classname="TestCases.LoginPageTest" name="validateLogo" time="10.803"/>
  <system-out/>
  <testcase classname="TestCases.LoginPageTest" name="loginTest" time="22.025"/>
  <system-out/>
</testsuite> <!-- TestCases.LoginPageTest -->
