<?xml version="1.0" encoding="UTF-8"?>
<!-- Generated by org.testng.reporters.JUnitReportReporter -->
<testsuite hostname="NavneetPersonal" failures="0" tests="3" name="TestCases.LoginPageTest" time="48.116" errors="0" timestamp="2023-02-18T21:16:12 IST" skipped="0">
  <testcase classname="TestCases.LoginPageTest" name="loginPageTitleTest" time="11.363"/>
  <system-out/>
  <testcase classname="TestCases.LoginPageTest" name="validateLogo" time="11.959"/>
  <system-out/>
  <testcase classname="TestCases.LoginPageTest" name="loginTest" time="24.794"/>
  <system-out/>
</testsuite> <!-- TestCases.LoginPageTest -->
