<?xml version="1.0" encoding="UTF-8"?>
<!-- Generated by org.testng.reporters.JUnitReportReporter -->
<testsuite hostname="NavneetPersonal" failures="0" tests="3" name="TestCases.LoginPageTest" time="50.673" errors="0" timestamp="2023-02-18T21:17:27 IST" skipped="0">
  <testcase classname="TestCases.LoginPageTest" name="loginPageTitleTest" time="12.523"/>
  <system-out/>
  <testcase classname="TestCases.LoginPageTest" name="validateLogo" time="11.054"/>
  <system-out/>
  <testcase classname="TestCases.LoginPageTest" name="loginTest" time="27.096"/>
  <system-out/>
</testsuite> <!-- TestCases.LoginPageTest -->
